<?xml version="1.0" encoding="UTF-8"?>
<testsuite xmlns:xsi="http://www.w3.org/2001/XMLSchema-instance" xsi:noNamespaceSchemaLocation="https://maven.apache.org/surefire/maven-surefire-plugin/xsd/surefire-test-report-3.0.xsd" version="3.0" name="tests.ProductTest" time="43.274" tests="28" errors="0" skipped="0" failures="0">
  <properties>
[...]
</properties>
  <testcase name="defaultRequest" classname="tests.ProductTest" time="4.006"/>
  <testcase name="schemaTest" classname="tests.ProductTest" time="1.918"/>
  <testcase name="localeTest(String)[1]" classname="tests.ProductTest" time="1.192"/>
  <testcase name="localeTest(String)[2]" classname="tests.ProductTest" time="1.316"/>
  <testcase name="localeTest(String)[3]" classname="tests.ProductTest" time="1.172"/>
  <testcase name="localeTest(String)[4]" classname="tests.ProductTest" time="1.372"/>
  <testcase name="localeTest(String)[5]" classname="tests.ProductTest" time="1.251"/>
  <testcase name="localeTest(String)[6]" classname="tests.ProductTest" time="1.165"/>
  <testcase name="localeTest(String)[7]" classname="tests.ProductTest" time="1.181"/>
  <testcase name="quantityTest(int)[1]" classname="tests.ProductTest" time="1.247"/>
  <testcase name="quantityTest(int)[2]" classname="tests.ProductTest" time="2.024"/>
  <testcase name="quantityTest(int)[3]" classname="tests.ProductTest" time="1.158"/>
  <testcase name="quantityTest(int)[4]" classname="tests.ProductTest" time="1.174"/>
  <testcase name="quantityTest(int)[5]" classname="tests.ProductTest" time="1.47"/>
  <testcase name="quantityTest(int)[6]" classname="tests.ProductTest" time="1.807"/>
  <testcase name="seedTest" classname="tests.ProductTest" time="2.289"/>
  <testcase name="taxTest(int)[1]" classname="tests.ProductTest" time="1.211"/>
  <testcase name="taxTest(int)[2]" classname="tests.ProductTest" time="1.137"/>
  <testcase name="taxTest(int)[3]" classname="tests.ProductTest" time="1.337"/>
  <testcase name="taxTest(int)[4]" classname="tests.ProductTest" time="1.206"/>
  <testcase name="taxTest(int)[5]" classname="tests.ProductTest" time="1.222"/>
  <testcase name="taxTest(int)[6]" classname="tests.ProductTest" time="1.96"/>
  <testcase name="categoryTypeTest(String)[1]" classname="tests.ProductTest" time="1.641"/>
  <testcase name="categoryTypeTest(String)[2]" classname="tests.ProductTest" time="1.516"/>
  <testcase name="categoryTypeTest(String)[3]" classname="tests.ProductTest" time="1.21"/>
  <testcase name="priceRangeTest" classname="tests.ProductTest" time="1.861"/>
  <testcase name="fieldsTest" classname="tests.ProductTest" time="1.588"/>
  <testcase name="combinedTest" classname="tests.ProductTest" time="1.186"/>
</testsuite>